<?xml version="1.0" encoding="UTF-8"?>
<testng-results ignored="0" total="1" passed="1" failed="0" skipped="0">
  <reporter-output>
  </reporter-output>
  <suite started-at="2021-08-01T13:59:44 IST" name="Default suite" finished-at="2021-08-01T13:59:56 IST" duration-ms="12540">
    <groups>
    </groups>
    <test started-at="2021-08-01T13:59:44 IST" name="Default test" finished-at="2021-08-01T13:59:56 IST" duration-ms="12540">
      <class name="com.qa.testscript.popup_3">
        <test-method signature="main()[pri:0, instance:com.qa.testscript.popup_3@5e316c74]" started-at="2021-08-01T13:59:44 IST" name="main" finished-at="2021-08-01T13:59:56 IST" duration-ms="12461" status="PASS">
          <reporter-output>
          </reporter-output>
        </test-method> <!-- main -->
      </class> <!-- com.qa.testscript.popup_3 -->
    </test> <!-- Default test -->
  </suite> <!-- Default suite -->
</testng-results>
